This is pdfTeX, Version 3.1415926-2.5-1.40.14 (TeX Live 2013) (format=pdflatex 2013.5.30)  12 OCT 2014 08:46
entering extended mode
 \write18 enabled.
 file:line:error style messages enabled.
 %&-line parsing enabled.
**"/Users/lyonwj/Copy/willithesis/LaTeX 2/content/TSWLatexianTemp_000012.tex"
(/Users/lyonwj/Copy/willithesis/LaTeX 2/content/TSWLatexianTemp_000012.tex
LaTeX2e <2011/06/27>
Babel <3.9f> and hyphenation patterns for 78 languages loaded.

/Users/lyonwj/Copy/willithesis/LaTeX 2/content/TSWLatexianTemp_000012.tex:37: LaTeX Error: Environment titlepage undefined.

See the LaTeX manual or LaTeX Companion for explanation.
Type  H <return>  for immediate help.
 ...                                              
                                                  
l.37  \begin{titlepage}
                       
Your command was ignored.
Type  I <command> <return>  to replace it with another command,
or  <return>  to continue without it.


/Users/lyonwj/Copy/willithesis/LaTeX 2/content/TSWLatexianTemp_000012.tex:38: LaTeX Error: Missing \begin{document}.

See the LaTeX manual or LaTeX Companion for explanation.
Type  H <return>  for immediate help.
 ...                                              
                                                  
l.38  	\mbox{}
              \vspace{5\baselineskip}\\
You're in trouble here.  Try typing  <return>  to proceed.
If that doesn't work, type  X <return>  to quit.

/Users/lyonwj/Copy/willithesis/LaTeX 2/content/TSWLatexianTemp_000012.tex:39: Undefined control sequence.
l.39  	\sffamily\huge
                     
The control sequence at the end of the top line
of your error message was never \def'ed. If you have
misspelled it (e.g., `\hobx'), type `I' and the correct
spelling (e.g., `I\hbox'). Otherwise just continue,
and I'll forget about whatever was undefined.


Overfull \hbox (20.0pt too wide) in paragraph at lines 38--42
 [][]  
 []


Overfull \hbox (11.83336pt too wide) in paragraph at lines 38--42
 \OT1/cmss/m/n/10 An 
 []


Overfull \hbox (25.13893pt too wide) in paragraph at lines 38--42
 \OT1/cmss/m/n/10 Adap- 
 []


Overfull \hbox (15.05557pt too wide) in paragraph at lines 38--42
 \OT1/cmss/m/n/10 tive 
 []


Overfull \hbox (14.47223pt too wide) in paragraph at lines 38--42
 \OT1/cmss/m/n/10 En- 
 []


Overfull \hbox (19.55556pt too wide) in paragraph at lines 38--42
 \OT1/cmss/m/n/10 sem- 
 []


Overfull \hbox (12.0pt too wide) in paragraph at lines 38--42
 \OT1/cmss/m/n/10 ble 
 []


Overfull \hbox (32.41675pt too wide) in paragraph at lines 38--42
 \OT1/cmss/m/n/10 Method 
 []


Overfull \hbox (13.5556pt too wide) in paragraph at lines 38--42
 \OT1/cmss/m/n/10 For 
 []


Overfull \hbox (17.86116pt too wide) in paragraph at lines 38--42
 \OT1/cmss/m/n/10 Link 
 []


Overfull \hbox (17.58336pt too wide) in paragraph at lines 38--42
 \OT1/cmss/m/n/10 Pre- 
 []


Overfull \hbox (15.33333pt too wide) in paragraph at lines 38--42
 \OT1/cmss/m/n/10 dic- 
 []


Overfull \hbox (16.16669pt too wide) in paragraph at lines 38--42
 \OT1/cmss/m/n/10 tion 
 []


Overfull \hbox (7.94447pt too wide) in paragraph at lines 38--42
 \OT1/cmss/m/n/10 In 
 []


Overfull \hbox (25.63893pt too wide) in paragraph at lines 38--42
 \OT1/cmss/m/n/10 Multi- 
 []


Overfull \hbox (26.38898pt too wide) in paragraph at lines 38--42
 \OT1/cmss/m/n/10 Modal 
 []


Overfull \hbox (12.94447pt too wide) in paragraph at lines 38--42
 \OT1/cmss/m/n/10 Di- 
 []


Overfull \hbox (25.5278pt too wide) in paragraph at lines 38--42
 \OT1/cmss/m/n/10 rected 
 []


Overfull \hbox (13.88892pt too wide) in paragraph at lines 38--42
 \OT1/cmss/m/n/10 So- 
 []


Overfull \hbox (14.02779pt too wide) in paragraph at lines 38--42
 \OT1/cmss/m/n/10 cial 
 []


Overfull \hbox (17.11113pt too wide) in paragraph at lines 38--42
 \OT1/cmss/m/n/10 Col- 
 []


Overfull \hbox (15.69446pt too wide) in paragraph at lines 38--42
 \OT1/cmss/m/n/10 lab- 
 []


Overfull \hbox (8.33334pt too wide) in paragraph at lines 38--42
 \OT1/cmss/m/n/10 o- 
 []


Overfull \hbox (11.55559pt too wide) in paragraph at lines 38--42
 \OT1/cmss/m/n/10 ra- 
 []


Overfull \hbox (16.16669pt too wide) in paragraph at lines 38--42
 \OT1/cmss/m/n/10 tion 
 []


Overfull \hbox (18.47226pt too wide) in paragraph at lines 38--42
 \OT1/cmss/m/n/10 Net- 
 []


Overfull \hbox (23.41673pt too wide) in paragraph at lines 38--42
 \OT1/cmss/m/n/10 works 
 []


Overfull \hbox (14.0417pt too wide) in paragraph at lines 38--42
 \OT1/cmss/m/n/10 Us- 
 []


Overfull \hbox (12.55557pt too wide) in paragraph at lines 38--42
 \OT1/cmss/m/n/10 ing 
 []


Overfull \hbox (16.41669pt too wide) in paragraph at lines 38--42
 \OT1/cmss/m/n/10 The 
 []


Overfull \hbox (25.22229pt too wide) in paragraph at lines 38--42
 \OT1/cmss/m/n/10 Graph 
 []


Overfull \hbox (30.00008pt too wide) in paragraph at lines 38--42
 \OT1/cmss/m/n/10 Traver- 
 []


Overfull \hbox (11.02779pt too wide) in paragraph at lines 38--42
 \OT1/cmss/m/n/10 sal 
 []


Overfull \hbox (17.86113pt too wide) in paragraph at lines 38--42
 \OT1/cmss/m/n/10 Pat- 
 []


Overfull \hbox (16.63892pt too wide) in paragraph at lines 38--42
 \OT1/cmss/m/n/10 tern 
 []

/Users/lyonwj/Copy/willithesis/LaTeX 2/content/TSWLatexianTemp_000012.tex:43: Undefined control sequence.
l.43  	\rmfamily\Large
                      
The control sequence at the end of the top line
of your error message was never \def'ed. If you have
misspelled it (e.g., `\hobx'), type `I' and the correct
spelling (e.g., `I\hbox'). Otherwise just continue,
and I'll forget about whatever was undefined.


/Users/lyonwj/Copy/willithesis/LaTeX 2/content/TSWLatexianTemp_000012.tex:44: LaTeX Error: Missing \begin{document}.

See the LaTeX manual or LaTeX Companion for explanation.
Type  H <return>  for immediate help.
 ...                                              
                                                  
l.44  	M
        asters Thesis \\ University of Montana
You're in trouble here.  Try typing  <return>  to proceed.
If that doesn't work, type  X <return>  to quit.


Overfull \hbox (34.3056pt too wide) in paragraph at lines 44--44
 []\OT1/cmr/m/n/10 Masters 
 []


Overfull \hbox (20.55557pt too wide) in paragraph at lines 44--44
 \OT1/cmr/m/n/10 The- 
 []


Overfull \hbox (10.66667pt too wide) in paragraph at lines 44--44
 \OT1/cmr/m/n/10 sis 
 []


/Users/lyonwj/Copy/willithesis/LaTeX 2/content/TSWLatexianTemp_000012.tex:44: LaTeX Error: Missing \begin{document}.

See the LaTeX manual or LaTeX Companion for explanation.
Type  H <return>  for immediate help.
 ...                                              
                                                  
l.44  	Masters Thesis \\ U
                          niversity of Montana
You're in trouble here.  Try typing  <return>  to proceed.
If that doesn't work, type  X <return>  to quit.


Overfull \hbox (44.80565pt too wide) in paragraph at lines 44--45
 []\OT1/cmr/m/n/10 University 
 []


Overfull \hbox (8.05559pt too wide) in paragraph at lines 44--45
 \OT1/cmr/m/n/10 of 
 []


Overfull \hbox (23.0556pt too wide) in paragraph at lines 44--45
 \OT1/cmr/m/n/10 Mon- 
 []


Overfull \hbox (19.4445pt too wide) in paragraph at lines 44--45
 \OT1/cmr/m/n/10 tana 
 []

/Users/lyonwj/Copy/willithesis/LaTeX 2/content/TSWLatexianTemp_000012.tex:46: Undefined control sequence.
l.46  	\rmfamily\Large
                      
The control sequence at the end of the top line
of your error message was never \def'ed. If you have
misspelled it (e.g., `\hobx'), type `I' and the correct
spelling (e.g., `I\hbox'). Otherwise just continue,
and I'll forget about whatever was undefined.


/Users/lyonwj/Copy/willithesis/LaTeX 2/content/TSWLatexianTemp_000012.tex:47: LaTeX Error: Missing \begin{document}.

See the LaTeX manual or LaTeX Companion for explanation.
Type  H <return>  for immediate help.
 ...                                              
                                                  
l.47  	W
        illiam Lyon
You're in trouble here.  Try typing  <return>  to proceed.
If that doesn't work, type  X <return>  to quit.


Overfull \hbox (34.72232pt too wide) in paragraph at lines 47--48
 []\OT1/cmr/m/n/10 William 
 []


Overfull \hbox (21.80562pt too wide) in paragraph at lines 47--48
 \OT1/cmr/m/n/10 Lyon 
 []

/Users/lyonwj/Copy/willithesis/LaTeX 2/content/TSWLatexianTemp_000012.tex:49: Undefined control sequence.
<recently read> \today 
                       
l.49  	\today
             
The control sequence at the end of the top line
of your error message was never \def'ed. If you have
misspelled it (e.g., `\hobx'), type `I' and the correct
spelling (e.g., `I\hbox'). Otherwise just continue,
and I'll forget about whatever was undefined.


/Users/lyonwj/Copy/willithesis/LaTeX 2/content/TSWLatexianTemp_000012.tex:50: LaTeX Error: \begin{document} ended by \end{titlepage}.

See the LaTeX manual or LaTeX Companion for explanation.
Type  H <return>  for immediate help.
 ...                                              
                                                  
l.50  \end{titlepage}
                     
Your command was ignored.
Type  I <command> <return>  to replace it with another command,
or  <return>  to continue without it.

)
! Emergency stop.
<*> ...LaTeX 2/content/TSWLatexianTemp_000012.tex"
                                                  
*** (job aborted, no legal \end found)

 
Here is how much of TeX's memory you used:
 11 strings out of 493315
 373 string characters out of 6137904
 53158 words of memory out of 5000000
 3561 multiletter control sequences out of 15000+600000
 3945 words of font info for 15 fonts, out of 8000000 for 9000
 957 hyphenation exceptions out of 8191
 13i,1n,10p,215b,103s stack positions out of 5000i,500n,10000p,200000b,80000s
!  ==> Fatal error occurred, no output PDF file produced!
